2022-01-20 14:02:11.308 INFO  c.mariobar.wikisystem.config.WikiSystemApplication:55   [32m                  [0;39m Starting WikiSystemApplication using Java 16.0.2 on XianhedeMacBook-Air.local with PID 10727 (/Users/marioxzhang/projects/wiki/WikiSystem/target/classes started by marioxzhang in /Users/marioxzhang/projects/wiki/WikiSystem)
2022-01-20 14:02:11.312 INFO  c.mariobar.wikisystem.config.WikiSystemApplication:660  [32m                  [0;39m No active profile set, falling back to default profiles: default
2022-01-20 14:02:11.389 INFO  o.s.b.d.env.DevToolsPropertyDefaultsPostProcessor :255  [32m                  [0;39m Devtools property defaults active! Set 'spring.devtools.add-properties' to 'false' to disable
2022-01-20 14:02:11.390 INFO  o.s.b.d.env.DevToolsPropertyDefaultsPostProcessor :255  [32m                  [0;39m For additional web related logging consider setting the 'logging.level.web' property to 'DEBUG'
2022-01-20 14:02:12.458 INFO  o.s.boot.web.embedded.tomcat.TomcatWebServer      :108  [32m                  [0;39m Tomcat initialized with port(s): 8080 (http)
2022-01-20 14:02:12.468 INFO  org.apache.coyote.http11.Http11NioProtocol        :173  [32m                  [0;39m Initializing ProtocolHandler ["http-nio-8080"]
2022-01-20 14:02:12.469 INFO  org.apache.catalina.core.StandardService          :173  [32m                  [0;39m Starting service [Tomcat]
2022-01-20 14:02:12.470 INFO  org.apache.catalina.core.StandardEngine           :173  [32m                  [0;39m Starting Servlet engine: [Apache Tomcat/9.0.39]
2022-01-20 14:02:12.517 INFO  o.a.c.core.ContainerBase.[Tomcat].[localhost].[/] :173  [32m                  [0;39m Initializing Spring embedded WebApplicationContext
2022-01-20 14:02:12.517 INFO  o.s.b.w.s.c.ServletWebServerApplicationContext    :289  [32m                  [0;39m Root WebApplicationContext: initialization completed in 1126 ms
2022-01-20 14:02:12.741 INFO  o.s.scheduling.concurrent.ThreadPoolTaskExecutor  :181  [32m                  [0;39m Initializing ExecutorService 'applicationTaskExecutor'
2022-01-20 14:02:12.905 INFO  o.s.b.d.autoconfigure.OptionalLiveReloadServer    :58   [32m                  [0;39m LiveReload server is running on port 35729
2022-01-20 14:02:12.921 INFO  org.apache.coyote.http11.Http11NioProtocol        :173  [32m                  [0;39m Starting ProtocolHandler ["http-nio-8080"]
2022-01-20 14:02:12.931 INFO  o.s.boot.web.embedded.tomcat.TomcatWebServer      :220  [32m                  [0;39m Tomcat started on port(s): 8080 (http) with context path ''
2022-01-20 14:02:12.947 INFO  c.mariobar.wikisystem.config.WikiSystemApplication:61   [32m                  [0;39m Started WikiSystemApplication in 2.021 seconds (JVM running for 3.169)
2022-01-20 14:03:13.850 INFO  o.s.scheduling.concurrent.ThreadPoolTaskExecutor  :218  [32m                  [0;39m Shutting down ExecutorService 'applicationTaskExecutor'
2022-01-20 14:03:14.003 INFO  c.mariobar.wikisystem.config.WikiSystemApplication:55   [32m                  [0;39m Starting WikiSystemApplication using Java 16.0.2 on XianhedeMacBook-Air.local with PID 10727 (/Users/marioxzhang/projects/wiki/WikiSystem/target/classes started by marioxzhang in /Users/marioxzhang/projects/wiki/WikiSystem)
2022-01-20 14:03:14.004 INFO  c.mariobar.wikisystem.config.WikiSystemApplication:660  [32m                  [0;39m No active profile set, falling back to default profiles: default
2022-01-20 14:03:14.244 INFO  o.s.boot.web.embedded.tomcat.TomcatWebServer      :108  [32m                  [0;39m Tomcat initialized with port(s): 8080 (http)
2022-01-20 14:03:14.245 INFO  org.apache.coyote.http11.Http11NioProtocol        :173  [32m                  [0;39m Initializing ProtocolHandler ["http-nio-8080"]
2022-01-20 14:03:14.246 INFO  org.apache.catalina.core.StandardService          :173  [32m                  [0;39m Starting service [Tomcat]
2022-01-20 14:03:14.246 INFO  org.apache.catalina.core.StandardEngine           :173  [32m                  [0;39m Starting Servlet engine: [Apache Tomcat/9.0.39]
2022-01-20 14:03:14.254 INFO  o.a.c.core.ContainerBase.[Tomcat].[localhost].[/] :173  [32m                  [0;39m Initializing Spring embedded WebApplicationContext
2022-01-20 14:03:14.254 INFO  o.s.b.w.s.c.ServletWebServerApplicationContext    :289  [32m                  [0;39m Root WebApplicationContext: initialization completed in 238 ms
2022-01-20 14:03:14.303 INFO  o.s.scheduling.concurrent.ThreadPoolTaskExecutor  :181  [32m                  [0;39m Initializing ExecutorService 'applicationTaskExecutor'
2022-01-20 14:03:14.365 INFO  o.s.b.d.autoconfigure.OptionalLiveReloadServer    :58   [32m                  [0;39m LiveReload server is running on port 35729
2022-01-20 14:03:14.373 INFO  org.apache.coyote.http11.Http11NioProtocol        :173  [32m                  [0;39m Starting ProtocolHandler ["http-nio-8080"]
2022-01-20 14:03:14.375 INFO  o.s.boot.web.embedded.tomcat.TomcatWebServer      :220  [32m                  [0;39m Tomcat started on port(s): 8080 (http) with context path ''
2022-01-20 14:03:14.380 INFO  c.mariobar.wikisystem.config.WikiSystemApplication:61   [32m                  [0;39m Started WikiSystemApplication in 0.46 seconds (JVM running for 64.602)
2022-01-20 14:03:14.389 INFO  o.s.b.d.a.ConditionEvaluationDeltaLoggingListener :63   [32m                  [0;39m Condition evaluation unchanged
2022-01-20 14:03:30.958 INFO  o.s.scheduling.concurrent.ThreadPoolTaskExecutor  :218  [32m                  [0;39m Shutting down ExecutorService 'applicationTaskExecutor'
2022-01-20 14:03:31.179 INFO  c.mariobar.wikisystem.config.WikiSystemApplication:55   [32m                  [0;39m Starting WikiSystemApplication using Java 16.0.2 on XianhedeMacBook-Air.local with PID 10727 (/Users/marioxzhang/projects/wiki/WikiSystem/target/classes started by marioxzhang in /Users/marioxzhang/projects/wiki/WikiSystem)
2022-01-20 14:03:31.182 INFO  c.mariobar.wikisystem.config.WikiSystemApplication:660  [32m                  [0;39m No active profile set, falling back to default profiles: default
2022-01-20 14:03:31.419 INFO  o.s.boot.web.embedded.tomcat.TomcatWebServer      :108  [32m                  [0;39m Tomcat initialized with port(s): 8880 (http)
2022-01-20 14:03:31.421 INFO  org.apache.coyote.http11.Http11NioProtocol        :173  [32m                  [0;39m Initializing ProtocolHandler ["http-nio-8880"]
2022-01-20 14:03:31.421 INFO  org.apache.catalina.core.StandardService          :173  [32m                  [0;39m Starting service [Tomcat]
2022-01-20 14:03:31.421 INFO  org.apache.catalina.core.StandardEngine           :173  [32m                  [0;39m Starting Servlet engine: [Apache Tomcat/9.0.39]
2022-01-20 14:03:31.433 INFO  o.a.c.core.ContainerBase.[Tomcat].[localhost].[/] :173  [32m                  [0;39m Initializing Spring embedded WebApplicationContext
2022-01-20 14:03:31.434 INFO  o.s.b.w.s.c.ServletWebServerApplicationContext    :289  [32m                  [0;39m Root WebApplicationContext: initialization completed in 241 ms
2022-01-20 14:03:31.509 INFO  o.s.scheduling.concurrent.ThreadPoolTaskExecutor  :181  [32m                  [0;39m Initializing ExecutorService 'applicationTaskExecutor'
2022-01-20 14:03:31.585 INFO  o.s.b.d.autoconfigure.OptionalLiveReloadServer    :58   [32m                  [0;39m LiveReload server is running on port 35729
2022-01-20 14:03:31.593 INFO  org.apache.coyote.http11.Http11NioProtocol        :173  [32m                  [0;39m Starting ProtocolHandler ["http-nio-8880"]
2022-01-20 14:03:31.597 INFO  o.s.boot.web.embedded.tomcat.TomcatWebServer      :220  [32m                  [0;39m Tomcat started on port(s): 8880 (http) with context path ''
2022-01-20 14:03:31.603 INFO  c.mariobar.wikisystem.config.WikiSystemApplication:61   [32m                  [0;39m Started WikiSystemApplication in 0.556 seconds (JVM running for 81.825)
2022-01-20 14:03:31.604 INFO  o.s.b.d.a.ConditionEvaluationDeltaLoggingListener :63   [32m                  [0;39m Condition evaluation unchanged
2022-01-20 14:03:51.203 INFO  o.s.scheduling.concurrent.ThreadPoolTaskExecutor  :218  [32m                  [0;39m Shutting down ExecutorService 'applicationTaskExecutor'
2022-01-20 14:03:51.381 INFO  c.mariobar.wikisystem.config.WikiSystemApplication:55   [32m                  [0;39m Starting WikiSystemApplication using Java 16.0.2 on XianhedeMacBook-Air.local with PID 10727 (/Users/marioxzhang/projects/wiki/WikiSystem/target/classes started by marioxzhang in /Users/marioxzhang/projects/wiki/WikiSystem)
2022-01-20 14:03:51.382 INFO  c.mariobar.wikisystem.config.WikiSystemApplication:660  [32m                  [0;39m No active profile set, falling back to default profiles: default
2022-01-20 14:03:51.581 INFO  o.s.boot.web.embedded.tomcat.TomcatWebServer      :108  [32m                  [0;39m Tomcat initialized with port(s): 8880 (http)
2022-01-20 14:03:51.583 INFO  org.apache.coyote.http11.Http11NioProtocol        :173  [32m                  [0;39m Initializing ProtocolHandler ["http-nio-8880"]
2022-01-20 14:03:51.584 INFO  org.apache.catalina.core.StandardService          :173  [32m                  [0;39m Starting service [Tomcat]
2022-01-20 14:03:51.584 INFO  org.apache.catalina.core.StandardEngine           :173  [32m                  [0;39m Starting Servlet engine: [Apache Tomcat/9.0.39]
2022-01-20 14:03:51.598 INFO  o.a.c.core.ContainerBase.[Tomcat].[localhost].[/] :173  [32m                  [0;39m Initializing Spring embedded WebApplicationContext
2022-01-20 14:03:51.599 INFO  o.s.b.w.s.c.ServletWebServerApplicationContext    :289  [32m                  [0;39m Root WebApplicationContext: initialization completed in 204 ms
2022-01-20 14:03:51.648 INFO  o.s.scheduling.concurrent.ThreadPoolTaskExecutor  :181  [32m                  [0;39m Initializing ExecutorService 'applicationTaskExecutor'
2022-01-20 14:03:51.677 INFO  o.s.b.d.autoconfigure.OptionalLiveReloadServer    :58   [32m                  [0;39m LiveReload server is running on port 35729
2022-01-20 14:03:51.680 INFO  org.apache.coyote.http11.Http11NioProtocol        :173  [32m                  [0;39m Starting ProtocolHandler ["http-nio-8880"]
2022-01-20 14:03:51.688 INFO  o.s.boot.web.embedded.tomcat.TomcatWebServer      :220  [32m                  [0;39m Tomcat started on port(s): 8880 (http) with context path ''
2022-01-20 14:03:51.693 INFO  c.mariobar.wikisystem.config.WikiSystemApplication:61   [32m                  [0;39m Started WikiSystemApplication in 0.414 seconds (JVM running for 101.915)
2022-01-20 14:03:51.695 INFO  o.s.b.d.a.ConditionEvaluationDeltaLoggingListener :63   [32m                  [0;39m Condition evaluation unchanged
2022-01-20 14:14:35.663 INFO  o.s.scheduling.concurrent.ThreadPoolTaskExecutor  :218  [32m                  [0;39m Shutting down ExecutorService 'applicationTaskExecutor'
2022-01-20 14:14:42.258 INFO  c.mariobar.wikisystem.config.WikiSystemApplication:55   [32m                  [0;39m Starting WikiSystemApplication using Java 16.0.2 on XianhedeMacBook-Air.local with PID 10953 (/Users/marioxzhang/projects/wiki/WikiSystem/target/classes started by marioxzhang in /Users/marioxzhang/projects/wiki/WikiSystem)
2022-01-20 14:14:42.261 INFO  c.mariobar.wikisystem.config.WikiSystemApplication:660  [32m                  [0;39m No active profile set, falling back to default profiles: default
2022-01-20 14:14:42.326 INFO  o.s.b.d.env.DevToolsPropertyDefaultsPostProcessor :255  [32m                  [0;39m Devtools property defaults active! Set 'spring.devtools.add-properties' to 'false' to disable
2022-01-20 14:14:42.327 INFO  o.s.b.d.env.DevToolsPropertyDefaultsPostProcessor :255  [32m                  [0;39m For additional web related logging consider setting the 'logging.level.web' property to 'DEBUG'
2022-01-20 14:14:43.129 INFO  o.s.boot.web.embedded.tomcat.TomcatWebServer      :108  [32m                  [0;39m Tomcat initialized with port(s): 8880 (http)
2022-01-20 14:14:43.136 INFO  org.apache.coyote.http11.Http11NioProtocol        :173  [32m                  [0;39m Initializing ProtocolHandler ["http-nio-8880"]
2022-01-20 14:14:43.137 INFO  org.apache.catalina.core.StandardService          :173  [32m                  [0;39m Starting service [Tomcat]
2022-01-20 14:14:43.137 INFO  org.apache.catalina.core.StandardEngine           :173  [32m                  [0;39m Starting Servlet engine: [Apache Tomcat/9.0.39]
2022-01-20 14:14:43.174 INFO  o.a.c.core.ContainerBase.[Tomcat].[localhost].[/] :173  [32m                  [0;39m Initializing Spring embedded WebApplicationContext
2022-01-20 14:14:43.174 INFO  o.s.b.w.s.c.ServletWebServerApplicationContext    :289  [32m                  [0;39m Root WebApplicationContext: initialization completed in 845 ms
2022-01-20 14:14:43.334 INFO  o.s.scheduling.concurrent.ThreadPoolTaskExecutor  :181  [32m                  [0;39m Initializing ExecutorService 'applicationTaskExecutor'
2022-01-20 14:14:43.476 INFO  o.s.b.d.autoconfigure.OptionalLiveReloadServer    :58   [32m                  [0;39m LiveReload server is running on port 35729
2022-01-20 14:14:43.490 INFO  org.apache.coyote.http11.Http11NioProtocol        :173  [32m                  [0;39m Starting ProtocolHandler ["http-nio-8880"]
2022-01-20 14:14:43.500 INFO  o.s.boot.web.embedded.tomcat.TomcatWebServer      :220  [32m                  [0;39m Tomcat started on port(s): 8880 (http) with context path ''
2022-01-20 14:14:43.520 INFO  c.mariobar.wikisystem.config.WikiSystemApplication:61   [32m                  [0;39m Started WikiSystemApplication in 1.645 seconds (JVM running for 2.606)
2022-01-20 14:15:01.614 INFO  o.a.c.core.ContainerBase.[Tomcat].[localhost].[/] :173  [32m                  [0;39m Initializing Spring DispatcherServlet 'dispatcherServlet'
2022-01-20 14:15:01.615 INFO  org.springframework.web.servlet.DispatcherServlet :525  [32m                  [0;39m Initializing Servlet 'dispatcherServlet'
2022-01-20 14:15:01.617 INFO  org.springframework.web.servlet.DispatcherServlet :547  [32m                  [0;39m Completed initialization in 1 ms
2022-01-20 14:21:06.740 INFO  o.s.scheduling.concurrent.ThreadPoolTaskExecutor  :218  [32m                  [0;39m Shutting down ExecutorService 'applicationTaskExecutor'
2022-01-20 14:21:07.402 INFO  c.mariobar.wikisystem.config.WikiSystemApplication:55   [32m                  [0;39m Starting WikiSystemApplication using Java 16.0.2 on XianhedeMacBook-Air.local with PID 10953 (/Users/marioxzhang/projects/wiki/WikiSystem/target/classes started by marioxzhang in /Users/marioxzhang/projects/wiki/WikiSystem)
2022-01-20 14:21:07.403 INFO  c.mariobar.wikisystem.config.WikiSystemApplication:660  [32m                  [0;39m No active profile set, falling back to default profiles: default
2022-01-20 14:21:07.627 INFO  o.s.boot.web.embedded.tomcat.TomcatWebServer      :108  [32m                  [0;39m Tomcat initialized with port(s): 8880 (http)
2022-01-20 14:21:07.628 INFO  org.apache.coyote.http11.Http11NioProtocol        :173  [32m                  [0;39m Initializing ProtocolHandler ["http-nio-8880"]
2022-01-20 14:21:07.628 INFO  org.apache.catalina.core.StandardService          :173  [32m                  [0;39m Starting service [Tomcat]
2022-01-20 14:21:07.628 INFO  org.apache.catalina.core.StandardEngine           :173  [32m                  [0;39m Starting Servlet engine: [Apache Tomcat/9.0.39]
2022-01-20 14:21:07.635 INFO  o.a.c.core.ContainerBase.[Tomcat].[localhost].[/] :173  [32m                  [0;39m Initializing Spring embedded WebApplicationContext
2022-01-20 14:21:07.636 INFO  o.s.b.w.s.c.ServletWebServerApplicationContext    :289  [32m                  [0;39m Root WebApplicationContext: initialization completed in 223 ms
2022-01-20 14:21:07.680 INFO  o.s.scheduling.concurrent.ThreadPoolTaskExecutor  :181  [32m                  [0;39m Initializing ExecutorService 'applicationTaskExecutor'
2022-01-20 14:21:07.732 INFO  o.s.b.d.autoconfigure.OptionalLiveReloadServer    :58   [32m                  [0;39m LiveReload server is running on port 35729
2022-01-20 14:21:07.742 INFO  org.apache.coyote.http11.Http11NioProtocol        :173  [32m                  [0;39m Starting ProtocolHandler ["http-nio-8880"]
2022-01-20 14:21:07.745 INFO  o.s.boot.web.embedded.tomcat.TomcatWebServer      :220  [32m                  [0;39m Tomcat started on port(s): 8880 (http) with context path ''
2022-01-20 14:21:07.750 INFO  c.mariobar.wikisystem.config.WikiSystemApplication:61   [32m                  [0;39m Started WikiSystemApplication in 0.846 seconds (JVM running for 386.84)
2022-01-20 14:21:07.753 INFO  o.s.b.d.a.ConditionEvaluationDeltaLoggingListener :63   [32m                  [0;39m Condition evaluation unchanged
2022-01-20 14:22:06.702 INFO  o.s.scheduling.concurrent.ThreadPoolTaskExecutor  :218  [32m                  [0;39m Shutting down ExecutorService 'applicationTaskExecutor'
2022-01-20 14:22:06.865 INFO  c.mariobar.wikisystem.config.WikiSystemApplication:55   [32m                  [0;39m Starting WikiSystemApplication using Java 16.0.2 on XianhedeMacBook-Air.local with PID 10953 (/Users/marioxzhang/projects/wiki/WikiSystem/target/classes started by marioxzhang in /Users/marioxzhang/projects/wiki/WikiSystem)
2022-01-20 14:22:06.867 INFO  c.mariobar.wikisystem.config.WikiSystemApplication:660  [32m                  [0;39m No active profile set, falling back to default profiles: default
2022-01-20 14:22:07.051 INFO  o.s.boot.web.embedded.tomcat.TomcatWebServer      :108  [32m                  [0;39m Tomcat initialized with port(s): 8880 (http)
2022-01-20 14:22:07.053 INFO  org.apache.coyote.http11.Http11NioProtocol        :173  [32m                  [0;39m Initializing ProtocolHandler ["http-nio-8880"]
2022-01-20 14:22:07.053 INFO  org.apache.catalina.core.StandardService          :173  [32m                  [0;39m Starting service [Tomcat]
2022-01-20 14:22:07.053 INFO  org.apache.catalina.core.StandardEngine           :173  [32m                  [0;39m Starting Servlet engine: [Apache Tomcat/9.0.39]
2022-01-20 14:22:07.062 INFO  o.a.c.core.ContainerBase.[Tomcat].[localhost].[/] :173  [32m                  [0;39m Initializing Spring embedded WebApplicationContext
2022-01-20 14:22:07.063 INFO  o.s.b.w.s.c.ServletWebServerApplicationContext    :289  [32m                  [0;39m Root WebApplicationContext: initialization completed in 187 ms
2022-01-20 14:22:07.122 INFO  o.s.scheduling.concurrent.ThreadPoolTaskExecutor  :181  [32m                  [0;39m Initializing ExecutorService 'applicationTaskExecutor'
2022-01-20 14:22:07.169 INFO  o.s.b.d.autoconfigure.OptionalLiveReloadServer    :58   [32m                  [0;39m LiveReload server is running on port 35729
2022-01-20 14:22:07.175 INFO  org.apache.coyote.http11.Http11NioProtocol        :173  [32m                  [0;39m Starting ProtocolHandler ["http-nio-8880"]
2022-01-20 14:22:07.177 INFO  o.s.boot.web.embedded.tomcat.TomcatWebServer      :220  [32m                  [0;39m Tomcat started on port(s): 8880 (http) with context path ''
2022-01-20 14:22:07.181 INFO  c.mariobar.wikisystem.config.WikiSystemApplication:61   [32m                  [0;39m Started WikiSystemApplication in 0.407 seconds (JVM running for 446.271)
2022-01-20 14:22:07.182 INFO  o.s.b.d.a.ConditionEvaluationDeltaLoggingListener :63   [32m                  [0;39m Condition evaluation unchanged
2022-01-20 14:22:15.697 INFO  o.s.scheduling.concurrent.ThreadPoolTaskExecutor  :218  [32m                  [0;39m Shutting down ExecutorService 'applicationTaskExecutor'
2022-01-20 14:22:15.856 INFO  c.mariobar.wikisystem.config.WikiSystemApplication:55   [32m                  [0;39m Starting WikiSystemApplication using Java 16.0.2 on XianhedeMacBook-Air.local with PID 10953 (/Users/marioxzhang/projects/wiki/WikiSystem/target/classes started by marioxzhang in /Users/marioxzhang/projects/wiki/WikiSystem)
2022-01-20 14:22:15.857 INFO  c.mariobar.wikisystem.config.WikiSystemApplication:660  [32m                  [0;39m No active profile set, falling back to default profiles: default
2022-01-20 14:22:16.027 INFO  o.s.boot.web.embedded.tomcat.TomcatWebServer      :108  [32m                  [0;39m Tomcat initialized with port(s): 8880 (http)
2022-01-20 14:22:16.028 INFO  org.apache.coyote.http11.Http11NioProtocol        :173  [32m                  [0;39m Initializing ProtocolHandler ["http-nio-8880"]
2022-01-20 14:22:16.029 INFO  org.apache.catalina.core.StandardService          :173  [32m                  [0;39m Starting service [Tomcat]
2022-01-20 14:22:16.029 INFO  org.apache.catalina.core.StandardEngine           :173  [32m                  [0;39m Starting Servlet engine: [Apache Tomcat/9.0.39]
2022-01-20 14:22:16.037 INFO  o.a.c.core.ContainerBase.[Tomcat].[localhost].[/] :173  [32m                  [0;39m Initializing Spring embedded WebApplicationContext
2022-01-20 14:22:16.037 INFO  o.s.b.w.s.c.ServletWebServerApplicationContext    :289  [32m                  [0;39m Root WebApplicationContext: initialization completed in 171 ms
2022-01-20 14:22:16.075 INFO  o.s.scheduling.concurrent.ThreadPoolTaskExecutor  :181  [32m                  [0;39m Initializing ExecutorService 'applicationTaskExecutor'
2022-01-20 14:22:16.107 INFO  o.s.b.d.autoconfigure.OptionalLiveReloadServer    :58   [32m                  [0;39m LiveReload server is running on port 35729
2022-01-20 14:22:16.112 INFO  org.apache.coyote.http11.Http11NioProtocol        :173  [32m                  [0;39m Starting ProtocolHandler ["http-nio-8880"]
2022-01-20 14:22:16.114 INFO  o.s.boot.web.embedded.tomcat.TomcatWebServer      :220  [32m                  [0;39m Tomcat started on port(s): 8880 (http) with context path ''
2022-01-20 14:22:16.118 INFO  c.mariobar.wikisystem.config.WikiSystemApplication:61   [32m                  [0;39m Started WikiSystemApplication in 0.351 seconds (JVM running for 455.208)
2022-01-20 14:22:16.119 INFO  o.s.b.d.a.ConditionEvaluationDeltaLoggingListener :63   [32m                  [0;39m Condition evaluation unchanged
2022-01-20 14:22:56.903 INFO  o.s.scheduling.concurrent.ThreadPoolTaskExecutor  :218  [32m                  [0;39m Shutting down ExecutorService 'applicationTaskExecutor'
2022-01-20 14:22:57.079 INFO  c.mariobar.wikisystem.config.WikiSystemApplication:55   [32m                  [0;39m Starting WikiSystemApplication using Java 16.0.2 on XianhedeMacBook-Air.local with PID 10953 (/Users/marioxzhang/projects/wiki/WikiSystem/target/classes started by marioxzhang in /Users/marioxzhang/projects/wiki/WikiSystem)
2022-01-20 14:22:57.081 INFO  c.mariobar.wikisystem.config.WikiSystemApplication:660  [32m                  [0;39m No active profile set, falling back to default profiles: default
2022-01-20 14:22:57.226 INFO  o.s.boot.web.embedded.tomcat.TomcatWebServer      :108  [32m                  [0;39m Tomcat initialized with port(s): 8880 (http)
2022-01-20 14:22:57.227 INFO  org.apache.coyote.http11.Http11NioProtocol        :173  [32m                  [0;39m Initializing ProtocolHandler ["http-nio-8880"]
2022-01-20 14:22:57.228 INFO  org.apache.catalina.core.StandardService          :173  [32m                  [0;39m Starting service [Tomcat]
2022-01-20 14:22:57.228 INFO  org.apache.catalina.core.StandardEngine           :173  [32m                  [0;39m Starting Servlet engine: [Apache Tomcat/9.0.39]
2022-01-20 14:22:57.237 INFO  o.a.c.core.ContainerBase.[Tomcat].[localhost].[/] :173  [32m                  [0;39m Initializing Spring embedded WebApplicationContext
2022-01-20 14:22:57.237 INFO  o.s.b.w.s.c.ServletWebServerApplicationContext    :289  [32m                  [0;39m Root WebApplicationContext: initialization completed in 148 ms
2022-01-20 14:22:57.284 INFO  o.s.scheduling.concurrent.ThreadPoolTaskExecutor  :181  [32m                  [0;39m Initializing ExecutorService 'applicationTaskExecutor'
2022-01-20 14:22:57.309 INFO  o.s.b.d.autoconfigure.OptionalLiveReloadServer    :58   [32m                  [0;39m LiveReload server is running on port 35729
2022-01-20 14:22:57.313 INFO  org.apache.coyote.http11.Http11NioProtocol        :173  [32m                  [0;39m Starting ProtocolHandler ["http-nio-8880"]
2022-01-20 14:22:57.321 INFO  o.s.boot.web.embedded.tomcat.TomcatWebServer      :220  [32m                  [0;39m Tomcat started on port(s): 8880 (http) with context path ''
2022-01-20 14:22:57.325 INFO  c.mariobar.wikisystem.config.WikiSystemApplication:61   [32m                  [0;39m Started WikiSystemApplication in 0.343 seconds (JVM running for 496.416)
2022-01-20 14:22:57.326 INFO  o.s.b.d.a.ConditionEvaluationDeltaLoggingListener :63   [32m                  [0;39m Condition evaluation unchanged
2022-01-20 14:23:29.032 INFO  o.s.scheduling.concurrent.ThreadPoolTaskExecutor  :218  [32m                  [0;39m Shutting down ExecutorService 'applicationTaskExecutor'
2022-01-20 14:23:29.347 INFO  c.mariobar.wikisystem.config.WikiSystemApplication:55   [32m                  [0;39m Starting WikiSystemApplication using Java 16.0.2 on XianhedeMacBook-Air.local with PID 10953 (/Users/marioxzhang/projects/wiki/WikiSystem/target/classes started by marioxzhang in /Users/marioxzhang/projects/wiki/WikiSystem)
2022-01-20 14:23:29.348 INFO  c.mariobar.wikisystem.config.WikiSystemApplication:660  [32m                  [0;39m No active profile set, falling back to default profiles: default
2022-01-20 14:23:29.528 INFO  o.s.boot.web.embedded.tomcat.TomcatWebServer      :108  [32m                  [0;39m Tomcat initialized with port(s): 8880 (http)
2022-01-20 14:23:29.529 INFO  org.apache.coyote.http11.Http11NioProtocol        :173  [32m                  [0;39m Initializing ProtocolHandler ["http-nio-8880"]
2022-01-20 14:23:29.530 INFO  org.apache.catalina.core.StandardService          :173  [32m                  [0;39m Starting service [Tomcat]
2022-01-20 14:23:29.530 INFO  org.apache.catalina.core.StandardEngine           :173  [32m                  [0;39m Starting Servlet engine: [Apache Tomcat/9.0.39]
2022-01-20 14:23:29.536 INFO  o.a.c.core.ContainerBase.[Tomcat].[localhost].[/] :173  [32m                  [0;39m Initializing Spring embedded WebApplicationContext
2022-01-20 14:23:29.536 INFO  o.s.b.w.s.c.ServletWebServerApplicationContext    :289  [32m                  [0;39m Root WebApplicationContext: initialization completed in 180 ms
2022-01-20 14:23:29.570 INFO  o.s.scheduling.concurrent.ThreadPoolTaskExecutor  :181  [32m                  [0;39m Initializing ExecutorService 'applicationTaskExecutor'
2022-01-20 14:23:29.596 INFO  o.s.b.d.autoconfigure.OptionalLiveReloadServer    :58   [32m                  [0;39m LiveReload server is running on port 35729
2022-01-20 14:23:29.612 INFO  org.apache.coyote.http11.Http11NioProtocol        :173  [32m                  [0;39m Starting ProtocolHandler ["http-nio-8880"]
2022-01-20 14:23:29.620 INFO  o.s.boot.web.embedded.tomcat.TomcatWebServer      :220  [32m                  [0;39m Tomcat started on port(s): 8880 (http) with context path ''
2022-01-20 14:23:29.624 INFO  c.mariobar.wikisystem.config.WikiSystemApplication:61   [32m                  [0;39m Started WikiSystemApplication in 0.516 seconds (JVM running for 528.716)
2022-01-20 14:23:29.625 INFO  o.s.b.d.a.ConditionEvaluationDeltaLoggingListener :63   [32m                  [0;39m Condition evaluation unchanged
2022-01-20 14:24:33.636 INFO  o.s.scheduling.concurrent.ThreadPoolTaskExecutor  :218  [32m                  [0;39m Shutting down ExecutorService 'applicationTaskExecutor'
2022-01-20 14:24:33.898 INFO  c.mariobar.wikisystem.config.WikiSystemApplication:55   [32m                  [0;39m Starting WikiSystemApplication using Java 16.0.2 on XianhedeMacBook-Air.local with PID 10953 (/Users/marioxzhang/projects/wiki/WikiSystem/target/classes started by marioxzhang in /Users/marioxzhang/projects/wiki/WikiSystem)
2022-01-20 14:24:33.901 INFO  c.mariobar.wikisystem.config.WikiSystemApplication:660  [32m                  [0;39m No active profile set, falling back to default profiles: default
2022-01-20 14:24:34.122 INFO  o.s.boot.web.embedded.tomcat.TomcatWebServer      :108  [32m                  [0;39m Tomcat initialized with port(s): 8880 (http)
2022-01-20 14:24:34.130 INFO  org.apache.coyote.http11.Http11NioProtocol        :173  [32m                  [0;39m Initializing ProtocolHandler ["http-nio-8880"]
2022-01-20 14:24:34.131 INFO  org.apache.catalina.core.StandardService          :173  [32m                  [0;39m Starting service [Tomcat]
2022-01-20 14:24:34.131 INFO  org.apache.catalina.core.StandardEngine           :173  [32m                  [0;39m Starting Servlet engine: [Apache Tomcat/9.0.39]
2022-01-20 14:24:34.140 INFO  o.a.c.core.ContainerBase.[Tomcat].[localhost].[/] :173  [32m                  [0;39m Initializing Spring embedded WebApplicationContext
2022-01-20 14:24:34.140 INFO  o.s.b.w.s.c.ServletWebServerApplicationContext    :289  [32m                  [0;39m Root WebApplicationContext: initialization completed in 232 ms
2022-01-20 14:24:34.193 INFO  o.s.scheduling.concurrent.ThreadPoolTaskExecutor  :181  [32m                  [0;39m Initializing ExecutorService 'applicationTaskExecutor'
2022-01-20 14:24:34.238 INFO  o.s.b.d.autoconfigure.OptionalLiveReloadServer    :58   [32m                  [0;39m LiveReload server is running on port 35729
2022-01-20 14:24:34.244 INFO  org.apache.coyote.http11.Http11NioProtocol        :173  [32m                  [0;39m Starting ProtocolHandler ["http-nio-8880"]
2022-01-20 14:24:34.249 INFO  o.s.boot.web.embedded.tomcat.TomcatWebServer      :220  [32m                  [0;39m Tomcat started on port(s): 8880 (http) with context path ''
2022-01-20 14:24:34.255 INFO  c.mariobar.wikisystem.config.WikiSystemApplication:61   [32m                  [0;39m Started WikiSystemApplication in 0.493 seconds (JVM running for 593.347)
2022-01-20 14:24:34.256 INFO  o.s.b.d.a.ConditionEvaluationDeltaLoggingListener :63   [32m                  [0;39m Condition evaluation unchanged
2022-01-20 14:24:47.824 INFO  o.s.scheduling.concurrent.ThreadPoolTaskExecutor  :218  [32m                  [0;39m Shutting down ExecutorService 'applicationTaskExecutor'
2022-01-20 14:24:48.013 INFO  c.mariobar.wikisystem.config.WikiSystemApplication:55   [32m                  [0;39m Starting WikiSystemApplication using Java 16.0.2 on XianhedeMacBook-Air.local with PID 10953 (/Users/marioxzhang/projects/wiki/WikiSystem/target/classes started by marioxzhang in /Users/marioxzhang/projects/wiki/WikiSystem)
2022-01-20 14:24:48.018 INFO  c.mariobar.wikisystem.config.WikiSystemApplication:660  [32m                  [0;39m No active profile set, falling back to default profiles: default
2022-01-20 14:24:48.173 INFO  o.s.boot.web.embedded.tomcat.TomcatWebServer      :108  [32m                  [0;39m Tomcat initialized with port(s): 8880 (http)
2022-01-20 14:24:48.178 INFO  org.apache.coyote.http11.Http11NioProtocol        :173  [32m                  [0;39m Initializing ProtocolHandler ["http-nio-8880"]
2022-01-20 14:24:48.179 INFO  org.apache.catalina.core.StandardService          :173  [32m                  [0;39m Starting service [Tomcat]
2022-01-20 14:24:48.179 INFO  org.apache.catalina.core.StandardEngine           :173  [32m                  [0;39m Starting Servlet engine: [Apache Tomcat/9.0.39]
2022-01-20 14:24:48.191 INFO  o.a.c.core.ContainerBase.[Tomcat].[localhost].[/] :173  [32m                  [0;39m Initializing Spring embedded WebApplicationContext
2022-01-20 14:24:48.191 INFO  o.s.b.w.s.c.ServletWebServerApplicationContext    :289  [32m                  [0;39m Root WebApplicationContext: initialization completed in 164 ms
2022-01-20 14:24:48.221 INFO  o.s.scheduling.concurrent.ThreadPoolTaskExecutor  :181  [32m                  [0;39m Initializing ExecutorService 'applicationTaskExecutor'
2022-01-20 14:24:48.242 INFO  o.s.b.d.autoconfigure.OptionalLiveReloadServer    :58   [32m                  [0;39m LiveReload server is running on port 35729
2022-01-20 14:24:48.246 INFO  org.apache.coyote.http11.Http11NioProtocol        :173  [32m                  [0;39m Starting ProtocolHandler ["http-nio-8880"]
2022-01-20 14:24:48.255 INFO  o.s.boot.web.embedded.tomcat.TomcatWebServer      :220  [32m                  [0;39m Tomcat started on port(s): 8880 (http) with context path ''
2022-01-20 14:24:48.260 INFO  c.mariobar.wikisystem.config.WikiSystemApplication:61   [32m                  [0;39m Started WikiSystemApplication in 0.353 seconds (JVM running for 607.352)
2022-01-20 14:24:48.261 INFO  o.s.b.d.a.ConditionEvaluationDeltaLoggingListener :63   [32m                  [0;39m Condition evaluation unchanged
2022-01-20 14:27:43.234 INFO  o.s.scheduling.concurrent.ThreadPoolTaskExecutor  :218  [32m                  [0;39m Shutting down ExecutorService 'applicationTaskExecutor'
2022-01-20 14:27:43.561 INFO  c.mariobar.wikisystem.config.WikiSystemApplication:55   [32m                  [0;39m Starting WikiSystemApplication using Java 16.0.2 on XianhedeMacBook-Air.local with PID 10953 (/Users/marioxzhang/projects/wiki/WikiSystem/target/classes started by marioxzhang in /Users/marioxzhang/projects/wiki/WikiSystem)
2022-01-20 14:27:43.564 INFO  c.mariobar.wikisystem.config.WikiSystemApplication:660  [32m                  [0;39m No active profile set, falling back to default profiles: default
2022-01-20 14:27:43.730 INFO  o.s.boot.web.embedded.tomcat.TomcatWebServer      :108  [32m                  [0;39m Tomcat initialized with port(s): 8880 (http)
2022-01-20 14:27:43.733 INFO  org.apache.coyote.http11.Http11NioProtocol        :173  [32m                  [0;39m Initializing ProtocolHandler ["http-nio-8880"]
2022-01-20 14:27:43.733 INFO  org.apache.catalina.core.StandardService          :173  [32m                  [0;39m Starting service [Tomcat]
2022-01-20 14:27:43.733 INFO  org.apache.catalina.core.StandardEngine           :173  [32m                  [0;39m Starting Servlet engine: [Apache Tomcat/9.0.39]
2022-01-20 14:27:43.740 INFO  o.a.c.core.ContainerBase.[Tomcat].[localhost].[/] :173  [32m                  [0;39m Initializing Spring embedded WebApplicationContext
2022-01-20 14:27:43.741 INFO  o.s.b.w.s.c.ServletWebServerApplicationContext    :289  [32m                  [0;39m Root WebApplicationContext: initialization completed in 167 ms
2022-01-20 14:27:43.773 INFO  o.s.scheduling.concurrent.ThreadPoolTaskExecutor  :181  [32m                  [0;39m Initializing ExecutorService 'applicationTaskExecutor'
2022-01-20 14:27:43.812 INFO  o.s.b.d.autoconfigure.OptionalLiveReloadServer    :58   [32m                  [0;39m LiveReload server is running on port 35729
2022-01-20 14:27:43.818 INFO  org.apache.coyote.http11.Http11NioProtocol        :173  [32m                  [0;39m Starting ProtocolHandler ["http-nio-8880"]
2022-01-20 14:27:43.822 INFO  o.s.boot.web.embedded.tomcat.TomcatWebServer      :220  [32m                  [0;39m Tomcat started on port(s): 8880 (http) with context path ''
2022-01-20 14:27:43.826 INFO  c.mariobar.wikisystem.config.WikiSystemApplication:61   [32m                  [0;39m Started WikiSystemApplication in 0.505 seconds (JVM running for 782.92)
2022-01-20 14:27:43.828 INFO  o.s.b.d.a.ConditionEvaluationDeltaLoggingListener :63   [32m                  [0;39m Condition evaluation unchanged
2022-01-20 14:28:49.410 INFO  o.s.scheduling.concurrent.ThreadPoolTaskExecutor  :218  [32m                  [0;39m Shutting down ExecutorService 'applicationTaskExecutor'
2022-01-20 14:57:11.345 INFO  c.mariobar.wikisystem.config.WikiSystemApplication:55   [32m                  [0;39m Starting WikiSystemApplication using Java 16.0.2 on XianhedeMacBook-Air.local with PID 11797 (/Users/marioxzhang/projects/wiki/WikiSystem/target/classes started by marioxzhang in /Users/marioxzhang/projects/wiki/WikiSystem)
2022-01-20 14:57:11.347 INFO  c.mariobar.wikisystem.config.WikiSystemApplication:660  [32m                  [0;39m No active profile set, falling back to default profiles: default
2022-01-20 14:57:11.420 INFO  o.s.b.d.env.DevToolsPropertyDefaultsPostProcessor :255  [32m                  [0;39m Devtools property defaults active! Set 'spring.devtools.add-properties' to 'false' to disable
2022-01-20 14:57:11.421 INFO  o.s.b.d.env.DevToolsPropertyDefaultsPostProcessor :255  [32m                  [0;39m For additional web related logging consider setting the 'logging.level.web' property to 'DEBUG'
2022-01-20 14:57:12.622 INFO  o.s.boot.web.embedded.tomcat.TomcatWebServer      :108  [32m                  [0;39m Tomcat initialized with port(s): 8880 (http)
2022-01-20 14:57:12.633 INFO  org.apache.coyote.http11.Http11NioProtocol        :173  [32m                  [0;39m Initializing ProtocolHandler ["http-nio-8880"]
2022-01-20 14:57:12.636 INFO  org.apache.catalina.core.StandardService          :173  [32m                  [0;39m Starting service [Tomcat]
2022-01-20 14:57:12.636 INFO  org.apache.catalina.core.StandardEngine           :173  [32m                  [0;39m Starting Servlet engine: [Apache Tomcat/9.0.39]
2022-01-20 14:57:12.750 INFO  o.a.c.core.ContainerBase.[Tomcat].[localhost].[/] :173  [32m                  [0;39m Initializing Spring embedded WebApplicationContext
2022-01-20 14:57:12.751 INFO  o.s.b.w.s.c.ServletWebServerApplicationContext    :289  [32m                  [0;39m Root WebApplicationContext: initialization completed in 1329 ms
2022-01-20 14:57:13.485 INFO  o.s.scheduling.concurrent.ThreadPoolTaskExecutor  :181  [32m                  [0;39m Initializing ExecutorService 'applicationTaskExecutor'
2022-01-20 14:57:13.661 INFO  o.s.b.d.autoconfigure.OptionalLiveReloadServer    :58   [32m                  [0;39m LiveReload server is running on port 35729
2022-01-20 14:57:13.693 INFO  org.apache.coyote.http11.Http11NioProtocol        :173  [32m                  [0;39m Starting ProtocolHandler ["http-nio-8880"]
2022-01-20 14:57:13.706 INFO  o.s.boot.web.embedded.tomcat.TomcatWebServer      :220  [32m                  [0;39m Tomcat started on port(s): 8880 (http) with context path ''
2022-01-20 14:57:13.724 INFO  c.mariobar.wikisystem.config.WikiSystemApplication:61   [32m                  [0;39m Started WikiSystemApplication in 2.798 seconds (JVM running for 3.674)
2022-01-20 14:59:18.299 INFO  o.s.scheduling.concurrent.ThreadPoolTaskExecutor  :218  [32m                  [0;39m Shutting down ExecutorService 'applicationTaskExecutor'
2022-01-20 14:59:18.711 INFO  c.mariobar.wikisystem.config.WikiSystemApplication:55   [32m                  [0;39m Starting WikiSystemApplication using Java 16.0.2 on XianhedeMacBook-Air.local with PID 11797 (/Users/marioxzhang/projects/wiki/WikiSystem/target/classes started by marioxzhang in /Users/marioxzhang/projects/wiki/WikiSystem)
2022-01-20 14:59:18.712 INFO  c.mariobar.wikisystem.config.WikiSystemApplication:660  [32m                  [0;39m No active profile set, falling back to default profiles: default
2022-01-20 14:59:19.187 INFO  o.s.boot.web.embedded.tomcat.TomcatWebServer      :108  [32m                  [0;39m Tomcat initialized with port(s): 8880 (http)
2022-01-20 14:59:19.188 INFO  org.apache.coyote.http11.Http11NioProtocol        :173  [32m                  [0;39m Initializing ProtocolHandler ["http-nio-8880"]
2022-01-20 14:59:19.189 INFO  org.apache.catalina.core.StandardService          :173  [32m                  [0;39m Starting service [Tomcat]
2022-01-20 14:59:19.189 INFO  org.apache.catalina.core.StandardEngine           :173  [32m                  [0;39m Starting Servlet engine: [Apache Tomcat/9.0.39]
2022-01-20 14:59:19.201 INFO  o.a.c.core.ContainerBase.[Tomcat].[localhost].[/] :173  [32m                  [0;39m Initializing Spring embedded WebApplicationContext
2022-01-20 14:59:19.201 INFO  o.s.b.w.s.c.ServletWebServerApplicationContext    :289  [32m                  [0;39m Root WebApplicationContext: initialization completed in 422 ms
2022-01-20 14:59:19.319 INFO  o.s.scheduling.concurrent.ThreadPoolTaskExecutor  :181  [32m                  [0;39m Initializing ExecutorService 'applicationTaskExecutor'
2022-01-20 14:59:19.373 INFO  o.s.b.d.autoconfigure.OptionalLiveReloadServer    :58   [32m                  [0;39m LiveReload server is running on port 35729
2022-01-20 14:59:19.385 INFO  org.apache.coyote.http11.Http11NioProtocol        :173  [32m                  [0;39m Starting ProtocolHandler ["http-nio-8880"]
2022-01-20 14:59:19.387 INFO  o.s.boot.web.embedded.tomcat.TomcatWebServer      :220  [32m                  [0;39m Tomcat started on port(s): 8880 (http) with context path ''
2022-01-20 14:59:19.396 INFO  c.mariobar.wikisystem.config.WikiSystemApplication:61   [32m                  [0;39m Started WikiSystemApplication in 1.008 seconds (JVM running for 129.348)
2022-01-20 14:59:19.403 INFO  o.s.b.d.a.ConditionEvaluationDeltaLoggingListener :63   [32m                  [0;39m Condition evaluation unchanged
2022-01-20 14:59:20.849 INFO  o.s.scheduling.concurrent.ThreadPoolTaskExecutor  :218  [32m                  [0;39m Shutting down ExecutorService 'applicationTaskExecutor'
2022-01-20 14:59:21.038 INFO  c.mariobar.wikisystem.config.WikiSystemApplication:55   [32m                  [0;39m Starting WikiSystemApplication using Java 16.0.2 on XianhedeMacBook-Air.local with PID 11797 (/Users/marioxzhang/projects/wiki/WikiSystem/target/classes started by marioxzhang in /Users/marioxzhang/projects/wiki/WikiSystem)
2022-01-20 14:59:21.040 INFO  c.mariobar.wikisystem.config.WikiSystemApplication:660  [32m                  [0;39m No active profile set, falling back to default profiles: default
2022-01-20 14:59:21.283 INFO  o.s.boot.web.embedded.tomcat.TomcatWebServer      :108  [32m                  [0;39m Tomcat initialized with port(s): 8880 (http)
2022-01-20 14:59:21.285 INFO  org.apache.coyote.http11.Http11NioProtocol        :173  [32m                  [0;39m Initializing ProtocolHandler ["http-nio-8880"]
2022-01-20 14:59:21.285 INFO  org.apache.catalina.core.StandardService          :173  [32m                  [0;39m Starting service [Tomcat]
2022-01-20 14:59:21.285 INFO  org.apache.catalina.core.StandardEngine           :173  [32m                  [0;39m Starting Servlet engine: [Apache Tomcat/9.0.39]
2022-01-20 14:59:21.293 INFO  o.a.c.core.ContainerBase.[Tomcat].[localhost].[/] :173  [32m                  [0;39m Initializing Spring embedded WebApplicationContext
2022-01-20 14:59:21.293 INFO  o.s.b.w.s.c.ServletWebServerApplicationContext    :289  [32m                  [0;39m Root WebApplicationContext: initialization completed in 246 ms
2022-01-20 14:59:21.401 INFO  o.s.scheduling.concurrent.ThreadPoolTaskExecutor  :181  [32m                  [0;39m Initializing ExecutorService 'applicationTaskExecutor'
2022-01-20 14:59:21.445 INFO  o.s.b.d.autoconfigure.OptionalLiveReloadServer    :58   [32m                  [0;39m LiveReload server is running on port 35729
2022-01-20 14:59:21.452 INFO  org.apache.coyote.http11.Http11NioProtocol        :173  [32m                  [0;39m Starting ProtocolHandler ["http-nio-8880"]
2022-01-20 14:59:21.454 INFO  o.s.boot.web.embedded.tomcat.TomcatWebServer      :220  [32m                  [0;39m Tomcat started on port(s): 8880 (http) with context path ''
2022-01-20 14:59:21.458 INFO  c.mariobar.wikisystem.config.WikiSystemApplication:61   [32m                  [0;39m Started WikiSystemApplication in 0.525 seconds (JVM running for 131.409)
2022-01-20 14:59:21.459 INFO  o.s.b.d.a.ConditionEvaluationDeltaLoggingListener :63   [32m                  [0;39m Condition evaluation unchanged
2022-01-20 15:31:24.593 INFO  o.s.scheduling.concurrent.ThreadPoolTaskExecutor  :218  [32m                  [0;39m Shutting down ExecutorService 'applicationTaskExecutor'
2022-01-20 15:31:28.783 INFO  c.mariobar.wikisystem.config.WikiSystemApplication:55   [32m                  [0;39m Starting WikiSystemApplication using Java 16.0.2 on XianhedeMacBook-Air.local with PID 12285 (/Users/marioxzhang/projects/wiki/WikiSystem/target/classes started by marioxzhang in /Users/marioxzhang/projects/wiki/WikiSystem)
2022-01-20 15:31:28.787 INFO  c.mariobar.wikisystem.config.WikiSystemApplication:660  [32m                  [0;39m No active profile set, falling back to default profiles: default
2022-01-20 15:31:28.879 INFO  o.s.b.d.env.DevToolsPropertyDefaultsPostProcessor :255  [32m                  [0;39m Devtools property defaults active! Set 'spring.devtools.add-properties' to 'false' to disable
2022-01-20 15:31:28.881 INFO  o.s.b.d.env.DevToolsPropertyDefaultsPostProcessor :255  [32m                  [0;39m For additional web related logging consider setting the 'logging.level.web' property to 'DEBUG'
2022-01-20 15:31:29.894 INFO  o.s.boot.web.embedded.tomcat.TomcatWebServer      :108  [32m                  [0;39m Tomcat initialized with port(s): 8880 (http)
2022-01-20 15:31:29.902 INFO  org.apache.coyote.http11.Http11NioProtocol        :173  [32m                  [0;39m Initializing ProtocolHandler ["http-nio-8880"]
2022-01-20 15:31:29.902 INFO  org.apache.catalina.core.StandardService          :173  [32m                  [0;39m Starting service [Tomcat]
2022-01-20 15:31:29.903 INFO  org.apache.catalina.core.StandardEngine           :173  [32m                  [0;39m Starting Servlet engine: [Apache Tomcat/9.0.39]
2022-01-20 15:31:29.944 INFO  o.a.c.core.ContainerBase.[Tomcat].[localhost].[/] :173  [32m                  [0;39m Initializing Spring embedded WebApplicationContext
2022-01-20 15:31:29.945 INFO  o.s.b.w.s.c.ServletWebServerApplicationContext    :289  [32m                  [0;39m Root WebApplicationContext: initialization completed in 1063 ms
2022-01-20 15:31:30.389 INFO  o.s.scheduling.concurrent.ThreadPoolTaskExecutor  :181  [32m                  [0;39m Initializing ExecutorService 'applicationTaskExecutor'
2022-01-20 15:31:30.562 INFO  o.s.b.d.autoconfigure.OptionalLiveReloadServer    :58   [32m                  [0;39m LiveReload server is running on port 35729
2022-01-20 15:31:30.583 INFO  org.apache.coyote.http11.Http11NioProtocol        :173  [32m                  [0;39m Starting ProtocolHandler ["http-nio-8880"]
2022-01-20 15:31:30.594 INFO  o.s.boot.web.embedded.tomcat.TomcatWebServer      :220  [32m                  [0;39m Tomcat started on port(s): 8880 (http) with context path ''
2022-01-20 15:31:30.611 INFO  c.mariobar.wikisystem.config.WikiSystemApplication:61   [32m                  [0;39m Started WikiSystemApplication in 2.272 seconds (JVM running for 3.178)
2022-01-20 16:41:35.835 INFO  o.s.scheduling.concurrent.ThreadPoolTaskExecutor  :218  [32m                  [0;39m Shutting down ExecutorService 'applicationTaskExecutor'
2022-01-20 16:41:36.150 INFO  c.mariobar.wikisystem.config.WikiSystemApplication:55   [32m                  [0;39m Starting WikiSystemApplication using Java 16.0.2 on XianhedeMacBook-Air.local with PID 12285 (/Users/marioxzhang/projects/wiki/WikiSystem/target/classes started by marioxzhang in /Users/marioxzhang/projects/wiki/WikiSystem)
2022-01-20 16:41:36.151 INFO  c.mariobar.wikisystem.config.WikiSystemApplication:660  [32m                  [0;39m No active profile set, falling back to default profiles: default
2022-01-20 16:41:36.438 INFO  o.s.boot.web.embedded.tomcat.TomcatWebServer      :108  [32m                  [0;39m Tomcat initialized with port(s): 8880 (http)
2022-01-20 16:41:36.439 INFO  org.apache.coyote.http11.Http11NioProtocol        :173  [32m                  [0;39m Initializing ProtocolHandler ["http-nio-8880"]
2022-01-20 16:41:36.439 INFO  org.apache.catalina.core.StandardService          :173  [32m                  [0;39m Starting service [Tomcat]
2022-01-20 16:41:36.440 INFO  org.apache.catalina.core.StandardEngine           :173  [32m                  [0;39m Starting Servlet engine: [Apache Tomcat/9.0.39]
2022-01-20 16:41:36.451 INFO  o.a.c.core.ContainerBase.[Tomcat].[localhost].[/] :173  [32m                  [0;39m Initializing Spring embedded WebApplicationContext
2022-01-20 16:41:36.451 INFO  o.s.b.w.s.c.ServletWebServerApplicationContext    :289  [32m                  [0;39m Root WebApplicationContext: initialization completed in 290 ms
2022-01-20 16:41:36.631 INFO  o.s.scheduling.concurrent.ThreadPoolTaskExecutor  :181  [32m                  [0;39m Initializing ExecutorService 'applicationTaskExecutor'
2022-01-20 16:41:36.694 INFO  o.s.b.d.autoconfigure.OptionalLiveReloadServer    :58   [32m                  [0;39m LiveReload server is running on port 35729
2022-01-20 16:41:36.706 INFO  org.apache.coyote.http11.Http11NioProtocol        :173  [32m                  [0;39m Starting ProtocolHandler ["http-nio-8880"]
2022-01-20 16:41:36.710 INFO  o.s.boot.web.embedded.tomcat.TomcatWebServer      :220  [32m                  [0;39m Tomcat started on port(s): 8880 (http) with context path ''
2022-01-20 16:41:36.718 INFO  c.mariobar.wikisystem.config.WikiSystemApplication:61   [32m                  [0;39m Started WikiSystemApplication in 0.813 seconds (JVM running for 4209.317)
2022-01-20 16:41:36.727 INFO  o.s.b.d.a.ConditionEvaluationDeltaLoggingListener :63   [32m                  [0;39m Condition evaluation unchanged
2022-01-20 16:43:16.085 INFO  o.s.scheduling.concurrent.ThreadPoolTaskExecutor  :218  [32m                  [0;39m Shutting down ExecutorService 'applicationTaskExecutor'
2022-01-20 16:43:16.329 INFO  c.mariobar.wikisystem.config.WikiSystemApplication:55   [32m                  [0;39m Starting WikiSystemApplication using Java 16.0.2 on XianhedeMacBook-Air.local with PID 12285 (/Users/marioxzhang/projects/wiki/WikiSystem/target/classes started by marioxzhang in /Users/marioxzhang/projects/wiki/WikiSystem)
2022-01-20 16:43:16.331 INFO  c.mariobar.wikisystem.config.WikiSystemApplication:660  [32m                  [0;39m No active profile set, falling back to default profiles: default
2022-01-20 16:43:16.637 INFO  o.s.boot.web.embedded.tomcat.TomcatWebServer      :108  [32m                  [0;39m Tomcat initialized with port(s): 8880 (http)
2022-01-20 16:43:16.638 INFO  org.apache.coyote.http11.Http11NioProtocol        :173  [32m                  [0;39m Initializing ProtocolHandler ["http-nio-8880"]
2022-01-20 16:43:16.639 INFO  org.apache.catalina.core.StandardService          :173  [32m                  [0;39m Starting service [Tomcat]
2022-01-20 16:43:16.639 INFO  org.apache.catalina.core.StandardEngine           :173  [32m                  [0;39m Starting Servlet engine: [Apache Tomcat/9.0.39]
2022-01-20 16:43:16.649 INFO  o.a.c.core.ContainerBase.[Tomcat].[localhost].[/] :173  [32m                  [0;39m Initializing Spring embedded WebApplicationContext
2022-01-20 16:43:16.649 INFO  o.s.b.w.s.c.ServletWebServerApplicationContext    :289  [32m                  [0;39m Root WebApplicationContext: initialization completed in 309 ms
2022-01-20 16:43:16.771 INFO  o.s.scheduling.concurrent.ThreadPoolTaskExecutor  :181  [32m                  [0;39m Initializing ExecutorService 'applicationTaskExecutor'
2022-01-20 16:43:16.813 INFO  o.s.b.d.autoconfigure.OptionalLiveReloadServer    :58   [32m                  [0;39m LiveReload server is running on port 35729
2022-01-20 16:43:16.820 INFO  org.apache.coyote.http11.Http11NioProtocol        :173  [32m                  [0;39m Starting ProtocolHandler ["http-nio-8880"]
2022-01-20 16:43:16.823 INFO  o.s.boot.web.embedded.tomcat.TomcatWebServer      :220  [32m                  [0;39m Tomcat started on port(s): 8880 (http) with context path ''
2022-01-20 16:43:16.827 INFO  c.mariobar.wikisystem.config.WikiSystemApplication:61   [32m                  [0;39m Started WikiSystemApplication in 0.635 seconds (JVM running for 4309.423)
2022-01-20 16:43:16.828 INFO  o.s.b.d.a.ConditionEvaluationDeltaLoggingListener :63   [32m                  [0;39m Condition evaluation unchanged
2022-01-20 16:44:32.857 INFO  o.s.scheduling.concurrent.ThreadPoolTaskExecutor  :218  [32m                  [0;39m Shutting down ExecutorService 'applicationTaskExecutor'
2022-01-20 16:44:37.672 INFO  c.mariobar.wikisystem.config.WikiSystemApplication:55   [32m                  [0;39m Starting WikiSystemApplication using Java 16.0.2 on XianhedeMacBook-Air.local with PID 13340 (/Users/marioxzhang/projects/wiki/WikiSystem/target/classes started by marioxzhang in /Users/marioxzhang/projects/wiki/WikiSystem)
2022-01-20 16:44:37.677 INFO  c.mariobar.wikisystem.config.WikiSystemApplication:660  [32m                  [0;39m No active profile set, falling back to default profiles: default
2022-01-20 16:44:37.770 INFO  o.s.b.d.env.DevToolsPropertyDefaultsPostProcessor :255  [32m                  [0;39m Devtools property defaults active! Set 'spring.devtools.add-properties' to 'false' to disable
2022-01-20 16:44:37.772 INFO  o.s.b.d.env.DevToolsPropertyDefaultsPostProcessor :255  [32m                  [0;39m For additional web related logging consider setting the 'logging.level.web' property to 'DEBUG'
2022-01-20 16:44:38.889 INFO  o.s.boot.web.embedded.tomcat.TomcatWebServer      :108  [32m                  [0;39m Tomcat initialized with port(s): 8880 (http)
2022-01-20 16:44:38.897 INFO  org.apache.coyote.http11.Http11NioProtocol        :173  [32m                  [0;39m Initializing ProtocolHandler ["http-nio-8880"]
2022-01-20 16:44:38.898 INFO  org.apache.catalina.core.StandardService          :173  [32m                  [0;39m Starting service [Tomcat]
2022-01-20 16:44:38.898 INFO  org.apache.catalina.core.StandardEngine           :173  [32m                  [0;39m Starting Servlet engine: [Apache Tomcat/9.0.39]
2022-01-20 16:44:38.939 INFO  o.a.c.core.ContainerBase.[Tomcat].[localhost].[/] :173  [32m                  [0;39m Initializing Spring embedded WebApplicationContext
2022-01-20 16:44:38.939 INFO  o.s.b.w.s.c.ServletWebServerApplicationContext    :289  [32m                  [0;39m Root WebApplicationContext: initialization completed in 1165 ms
2022-01-20 16:44:39.362 INFO  o.s.scheduling.concurrent.ThreadPoolTaskExecutor  :181  [32m                  [0;39m Initializing ExecutorService 'applicationTaskExecutor'
2022-01-20 16:44:39.544 INFO  o.s.b.d.autoconfigure.OptionalLiveReloadServer    :58   [32m                  [0;39m LiveReload server is running on port 35729
2022-01-20 16:44:39.565 INFO  org.apache.coyote.http11.Http11NioProtocol        :173  [32m                  [0;39m Starting ProtocolHandler ["http-nio-8880"]
2022-01-20 16:44:39.579 INFO  o.s.boot.web.embedded.tomcat.TomcatWebServer      :220  [32m                  [0;39m Tomcat started on port(s): 8880 (http) with context path ''
2022-01-20 16:44:39.596 INFO  c.mariobar.wikisystem.config.WikiSystemApplication:61   [32m                  [0;39m Started WikiSystemApplication in 2.388 seconds (JVM running for 3.355)
2022-01-20 16:45:18.392 INFO  o.s.scheduling.concurrent.ThreadPoolTaskExecutor  :218  [32m                  [0;39m Shutting down ExecutorService 'applicationTaskExecutor'
2022-01-20 16:45:18.559 INFO  c.mariobar.wikisystem.config.WikiSystemApplication:55   [32m                  [0;39m Starting WikiSystemApplication using Java 16.0.2 on XianhedeMacBook-Air.local with PID 13340 (/Users/marioxzhang/projects/wiki/WikiSystem/target/classes started by marioxzhang in /Users/marioxzhang/projects/wiki/WikiSystem)
2022-01-20 16:45:18.560 INFO  c.mariobar.wikisystem.config.WikiSystemApplication:660  [32m                  [0;39m No active profile set, falling back to default profiles: default
2022-01-20 16:45:18.857 INFO  o.s.boot.web.embedded.tomcat.TomcatWebServer      :108  [32m                  [0;39m Tomcat initialized with port(s): 8880 (http)
2022-01-20 16:45:18.861 INFO  org.apache.coyote.http11.Http11NioProtocol        :173  [32m                  [0;39m Initializing ProtocolHandler ["http-nio-8880"]
2022-01-20 16:45:18.862 INFO  org.apache.catalina.core.StandardService          :173  [32m                  [0;39m Starting service [Tomcat]
2022-01-20 16:45:18.862 INFO  org.apache.catalina.core.StandardEngine           :173  [32m                  [0;39m Starting Servlet engine: [Apache Tomcat/9.0.39]
2022-01-20 16:45:18.882 INFO  o.a.c.core.ContainerBase.[Tomcat].[localhost].[/] :173  [32m                  [0;39m Initializing Spring embedded WebApplicationContext
2022-01-20 16:45:18.884 INFO  o.s.b.w.s.c.ServletWebServerApplicationContext    :289  [32m                  [0;39m Root WebApplicationContext: initialization completed in 314 ms
2022-01-20 16:45:19.016 INFO  o.s.scheduling.concurrent.ThreadPoolTaskExecutor  :181  [32m                  [0;39m Initializing ExecutorService 'applicationTaskExecutor'
2022-01-20 16:45:19.071 INFO  o.s.b.d.autoconfigure.OptionalLiveReloadServer    :58   [32m                  [0;39m LiveReload server is running on port 35729
2022-01-20 16:45:19.083 INFO  org.apache.coyote.http11.Http11NioProtocol        :173  [32m                  [0;39m Starting ProtocolHandler ["http-nio-8880"]
2022-01-20 16:45:19.085 INFO  o.s.boot.web.embedded.tomcat.TomcatWebServer      :220  [32m                  [0;39m Tomcat started on port(s): 8880 (http) with context path ''
2022-01-20 16:45:19.093 INFO  c.mariobar.wikisystem.config.WikiSystemApplication:61   [32m                  [0;39m Started WikiSystemApplication in 0.628 seconds (JVM running for 42.852)
2022-01-20 16:45:19.099 INFO  o.s.b.d.a.ConditionEvaluationDeltaLoggingListener :63   [32m                  [0;39m Condition evaluation unchanged
2022-01-20 16:45:38.697 INFO  o.s.scheduling.concurrent.ThreadPoolTaskExecutor  :218  [32m                  [0;39m Shutting down ExecutorService 'applicationTaskExecutor'
2022-01-20 16:45:38.884 INFO  c.mariobar.wikisystem.config.WikiSystemApplication:55   [32m                  [0;39m Starting WikiSystemApplication using Java 16.0.2 on XianhedeMacBook-Air.local with PID 13340 (/Users/marioxzhang/projects/wiki/WikiSystem/target/classes started by marioxzhang in /Users/marioxzhang/projects/wiki/WikiSystem)
2022-01-20 16:45:38.885 INFO  c.mariobar.wikisystem.config.WikiSystemApplication:660  [32m                  [0;39m No active profile set, falling back to default profiles: default
2022-01-20 16:45:39.168 INFO  o.s.boot.web.embedded.tomcat.TomcatWebServer      :108  [32m                  [0;39m Tomcat initialized with port(s): 8880 (http)
2022-01-20 16:45:39.170 INFO  org.apache.coyote.http11.Http11NioProtocol        :173  [32m                  [0;39m Initializing ProtocolHandler ["http-nio-8880"]
2022-01-20 16:45:39.171 INFO  org.apache.catalina.core.StandardService          :173  [32m                  [0;39m Starting service [Tomcat]
2022-01-20 16:45:39.171 INFO  org.apache.catalina.core.StandardEngine           :173  [32m                  [0;39m Starting Servlet engine: [Apache Tomcat/9.0.39]
2022-01-20 16:45:39.180 INFO  o.a.c.core.ContainerBase.[Tomcat].[localhost].[/] :173  [32m                  [0;39m Initializing Spring embedded WebApplicationContext
2022-01-20 16:45:39.181 INFO  o.s.b.w.s.c.ServletWebServerApplicationContext    :289  [32m                  [0;39m Root WebApplicationContext: initialization completed in 287 ms
2022-01-20 16:45:39.319 INFO  o.s.scheduling.concurrent.ThreadPoolTaskExecutor  :181  [32m                  [0;39m Initializing ExecutorService 'applicationTaskExecutor'
2022-01-20 16:45:39.368 INFO  o.s.b.d.autoconfigure.OptionalLiveReloadServer    :58   [32m                  [0;39m LiveReload server is running on port 35729
2022-01-20 16:45:39.377 INFO  org.apache.coyote.http11.Http11NioProtocol        :173  [32m                  [0;39m Starting ProtocolHandler ["http-nio-8880"]
2022-01-20 16:45:39.380 INFO  o.s.boot.web.embedded.tomcat.TomcatWebServer      :220  [32m                  [0;39m Tomcat started on port(s): 8880 (http) with context path ''
2022-01-20 16:45:39.386 INFO  c.mariobar.wikisystem.config.WikiSystemApplication:61   [32m                  [0;39m Started WikiSystemApplication in 0.611 seconds (JVM running for 63.145)
2022-01-20 16:45:39.387 INFO  o.s.b.d.a.ConditionEvaluationDeltaLoggingListener :63   [32m                  [0;39m Condition evaluation unchanged
